exit
exit
exit
exit
get_window_list() - ERROR, win_count=0
get_window_list() - ERROR, win_count=0
get_window_list() - ERROR, win_count=0
get_window_list() - ERROR, win_count=0
get_window_list() - ERROR, win_count=0
get_window_list() - ERROR, win_count=0
get_window_list() - ERROR, win_count=0
get_window_list() - ERROR, win_count=0
get_window_list() - ERROR, win_count=0
get_window_list() - ERROR, win_count=0
get_window_list() - ERROR, win_count=0
get_window_list() - ERROR, win_count=0
get_window_list() - ERROR, win_count=0
get_window_list() - ERROR, win_count=0
get_window_list() - ERROR, win_count=0
get_window_list() - ERROR, win_count=0
get_window_list() - ERROR, win_count=0
get_window_list() - ERROR, win_count=0
get_window_list() - ERROR, win_count=0
get_window_list() - ERROR, win_count=0
get_window_list() - ERROR, win_count=0
get_window_list() - ERROR, win_count=0
get_window_list() - ERROR, win_count=0
get_window_list() - ERROR, win_count=0
IsHealthLess()
GetBarValue() - result = -14.67%
bar undefined!
	- player alive
IsHealthLess()
GetBarValue() - result = -14.67%
bar undefined!
IsHealthLess()
GetBarValue() - result = -14.67%
bar undefined!
IsManaLess()
GetBarValue() - result = -15.44%
bar undefined!
SendClient() - {4}
Target not exist
SendClient() - {7}
Target not exist
SendClient() - {ESC}
IsHealthLess()
GetBarValue() - result = -14.67%
bar undefined!
IsHealthLess()
GetBarValue() - result = -14.67%
bar undefined!
IsManaLess()
GetBarValue() - result = -15.44%
bar undefined!
SendClient() - {4}
Target not exist
SendClient() - {6}
Target not exist
SendClient() - {ESC}
IsHealthLess()
GetBarValue() - result = -14.67%
bar undefined!
IsHealthLess()
GetBarValue() - result = -14.67%
bar undefined!
IsManaLess()
GetBarValue() - result = -15.44%
bar undefined!
SendClient() - {4}
Target not exist
SendClient() - {8}
Target not exist
SendClient() - {ESC}
IsHealthLess()
GetBarValue() - result = -14.67%
bar undefined!
IsHealthLess()
GetBarValue() - result = -14.67%
bar undefined!
IsManaLess()
GetBarValue() - result = -15.44%
bar undefined!
SendClient() - {4}
Target not exist
SendClient() - {6}
Target not exist
SendClient() - {ESC}
IsHealthLess()
GetBarValue() - result = -14.67%
bar undefined!
IsHealthLess()
GetBarValue() - result = -14.67%
bar undefined!
IsManaLess()
GetBarValue() - result = -15.44%
bar undefined!
SendClient() - {4}
Target not exist
SendClient() - {8}
Target not exist
SendClient() - {ESC}
IsHealthLess()
GetBarValue() - result = -14.67%
bar undefined!
IsHealthLess()
GetBarValue() - result = -14.67%
bar undefined!
IsManaLess()
GetBarValue() - result = -15.44%
bar undefined!
SendClient() - {4}
Target not exist
SendClient() - {6}
Target not exist
SendClient() - {ESC}
IsHealthLess()
GetBarValue() - result = -14.67%
bar undefined!
IsHealthLess()
GetBarValue() - result = -14.67%
bar undefined!
IsManaLess()
GetBarValue() - result = -15.44%
bar undefined!
SendClient() - {4}
Target not exist
SendClient() - {7}
Target not exist
SendClient() - {ESC}
IsHealthLess()
GetBarValue() - result = -14.67%
bar undefined!
IsHealthLess()
GetBarValue() - result = -14.67%
bar undefined!
IsManaLess()
GetBarValue() - result = -15.44%
bar undefined!
SendClient() - {4}
Target not exist
SendClient() - {7}
Target not exist
SendClient() - {ESC}
IsHealthLess()
GetBarValue() - result = -14.67%
bar undefined!
IsHealthLess()
GetBarValue() - result = -14.67%
bar undefined!
IsManaLess()
GetBarValue() - result = -15.44%
bar undefined!
SendClient() - {4}
Target not exist
SendClient() - {6}
